2025-05-13 17:15:09,262 [INFO] Activator:176 - 


2025-05-13 17:15:09,270 [INFO] Activator:177 - !SESSION log4j initialized
2025-05-13 17:15:13,941 [INFO] LogOutputStream:77 - [STDOUT_REDIRECT] 
2025-05-13 17:15:15,415 [ERROR] LogOutputStream:75 - [STDERR_REDIRECT] 
2025-05-13 17:15:18,769 [INFO] LogOutputStream:77 - [STDOUT_REDIRECT] 
2025-05-13 17:15:20,431 [INFO] ApplicationProperties:184 - Using Application install path: /Applications/STM32CubeIDE.app/Contents/Eclipse/plugins/com.st.stm32cube.common.mx_6.13.0.202411220809
2025-05-13 17:15:20,446 [INFO] DbMcusXml:78 - Set database path to: /Applications/STM32CubeIDE.app/Contents/Eclipse/plugins/com.st.stm32cube.common.mx_6.13.0.202411220809//db//mcu/
2025-05-13 17:15:20,447 [INFO] ApiDb:274 - Set plugin database path to: /Applications/STM32CubeIDE.app/Contents/Eclipse/plugins/com.st.stm32cube.common.mx_6.13.0.202411220809//db//plugins/boardmanager/
2025-05-13 17:15:20,447 [WARN] ApiDb:259 - Overriding images path with different value:  => /Applications/STM32CubeIDE.app/Contents/Eclipse/plugins/com.st.stm32cube.common.mx_6.13.0.202411220809//db//plugins/mcufinder/images/
2025-05-13 17:15:20,454 [INFO] ApiDb:250 - Set database path to: /Users/mindhacker999/.stmcufinder/plugins/mcufinder//mcu/
2025-05-13 17:15:20,455 [INFO] DbMcusAds:125 - Set database path to: /Users/mindhacker999/.stmcufinder/plugins/mcufinder//mcu/
2025-05-13 17:15:20,457 [INFO] CrossReferenceDbSqlite:203 - Set database path to: /Users/mindhacker999/.stmcufinder/plugins/mcufinder//mcu/cs/
2025-05-13 17:15:20,664 [INFO] RulesReader:64 - Compatibility file has been processed (297 Rules)
2025-05-13 17:15:20,790 [INFO] DbMcusXml:78 - Set database path to: /Applications/STM32CubeIDE.app/Contents/Eclipse/plugins/com.st.stm32cube.common.mx_6.13.0.202411220809//db//mcu/
2025-05-13 17:15:20,791 [INFO] ApiDb:274 - Set plugin database path to: /Applications/STM32CubeIDE.app/Contents/Eclipse/plugins/com.st.stm32cube.common.mx_6.13.0.202411220809//db//plugins/boardmanager/
2025-05-13 17:15:20,794 [INFO] ApiDb:261 - Set plugin images path to: /Applications/STM32CubeIDE.app/Contents/Eclipse/plugins/com.st.stm32cube.common.mx_6.13.0.202411220809//db//plugins/mcufinder/images/
2025-05-13 17:15:20,795 [WARN] DbFile:41 - Overriding database path with different value: /Users/mindhacker999/.stmcufinder/plugins/mcufinder/ => /Users/mindhacker999/.stmcufinder/plugins/mcufinder
2025-05-13 17:15:20,795 [INFO] ApiDb:250 - Set database path to: /Users/mindhacker999/.stmcufinder/plugins/mcufinder//mcu/
2025-05-13 17:15:20,796 [WARN] DbFile:41 - Overriding database path with different value: /Users/mindhacker999/.stmcufinder/plugins/mcufinder/ => /Users/mindhacker999/.stmcufinder/plugins/mcufinder
2025-05-13 17:15:20,796 [INFO] DbMcusAds:125 - Set database path to: /Users/mindhacker999/.stmcufinder/plugins/mcufinder//mcu/
2025-05-13 17:15:20,796 [WARN] DbFile:41 - Overriding database path with different value: /Users/mindhacker999/.stmcufinder/plugins/mcufinder/ => /Users/mindhacker999/.stmcufinder/plugins/mcufinder
2025-05-13 17:15:20,796 [WARN] DbFile:41 - Overriding database path with different value: /Users/mindhacker999/.stmcufinder/plugins/mcufinder/ => /Users/mindhacker999/.stmcufinder/plugins/mcufinder
2025-05-13 17:15:20,796 [INFO] CrossReferenceDbSqlite:203 - Set database path to: /Users/mindhacker999/.stmcufinder/plugins/mcufinder//mcu/cs/
2025-05-13 17:15:20,815 [ERROR] LogOutputStream:75 - [STDERR_REDIRECT] [Fatal Error] :2:10: DOCTYPE is disallowed when the feature "http://apache.org/xml/features/disallow-doctype-decl" set to true.
2025-05-13 17:15:20,816 [ERROR] LogOutputStream:75 - [STDERR_REDIRECT] 
2025-05-13 17:15:20,872 [INFO] MainPanel:272 - HeapMemory: 321912832
2025-05-13 17:15:21,451 [INFO] DbMcusXml:78 - Set database path to: /Applications/STM32CubeIDE.app/Contents/Eclipse/plugins/com.st.stm32cube.common.mx_6.13.0.202411220809//db//mcu/
2025-05-13 17:15:21,451 [INFO] ApiDb:274 - Set plugin database path to: /Applications/STM32CubeIDE.app/Contents/Eclipse/plugins/com.st.stm32cube.common.mx_6.13.0.202411220809//db//plugins/boardmanager/
2025-05-13 17:15:21,451 [INFO] ApiDb:261 - Set plugin images path to: /Applications/STM32CubeIDE.app/Contents/Eclipse/plugins/com.st.stm32cube.common.mx_6.13.0.202411220809//db//plugins/mcufinder/images/
2025-05-13 17:15:21,452 [WARN] DbFile:41 - Overriding database path with different value: /Users/mindhacker999/.stmcufinder/plugins/mcufinder/ => /Users/mindhacker999/.stmcufinder/plugins/mcufinder
2025-05-13 17:15:21,452 [INFO] ApiDb:250 - Set database path to: /Users/mindhacker999/.stmcufinder/plugins/mcufinder//mcu/
2025-05-13 17:15:21,452 [WARN] DbFile:41 - Overriding database path with different value: /Users/mindhacker999/.stmcufinder/plugins/mcufinder/ => /Users/mindhacker999/.stmcufinder/plugins/mcufinder
2025-05-13 17:15:21,452 [INFO] DbMcusAds:125 - Set database path to: /Users/mindhacker999/.stmcufinder/plugins/mcufinder//mcu/
2025-05-13 17:15:21,452 [WARN] DbFile:41 - Overriding database path with different value: /Users/mindhacker999/.stmcufinder/plugins/mcufinder/ => /Users/mindhacker999/.stmcufinder/plugins/mcufinder
2025-05-13 17:15:21,452 [WARN] DbFile:41 - Overriding database path with different value: /Users/mindhacker999/.stmcufinder/plugins/mcufinder/ => /Users/mindhacker999/.stmcufinder/plugins/mcufinder
2025-05-13 17:15:21,452 [INFO] CrossReferenceDbSqlite:203 - Set database path to: /Users/mindhacker999/.stmcufinder/plugins/mcufinder//mcu/cs/
2025-05-13 17:15:21,471 [INFO] ApplicationProperties:184 - Using Application install path: /Applications/STM32CubeIDE.app/Contents/Eclipse/plugins/com.st.stm32cube.common.mx_6.13.0.202411220809
2025-05-13 17:15:21,473 [INFO] PluginManage:196 - Search for loadable plugins [exclusion list=, ]
2025-05-13 17:15:21,475 [INFO] PluginManage:310 - Check plugin analytics
2025-05-13 17:15:21,663 [INFO] AnalyticsPlugin:253 - Accepted Software Licenses: 
2025-05-13 17:15:21,664 [INFO] AnalyticsPlugin:255 - Accepted CMSIS Pack Licenses: portGmbH.I-Cube-SoM-uGOAL.1.1.0
2025-05-13 17:15:21,664 [INFO] AnalyticsPlugin:257 - Accepted Firmware Licenses: FW.F4.1.28.0
2025-05-13 17:15:21,675 [INFO] PluginManage:359 - Loaded plugin analytics (category:tool,tabindex:-1)
2025-05-13 17:15:21,676 [INFO] PluginManage:310 - Check plugin cadmodel
2025-05-13 17:15:21,692 [INFO] CADModel:105 - Init CAD model plugin
2025-05-13 17:15:21,692 [INFO] PluginManage:359 - Loaded plugin cadmodel (category:power,tabindex:5)
2025-05-13 17:15:21,693 [INFO] PluginManage:310 - Check plugin clock
2025-05-13 17:15:21,705 [INFO] PluginManage:359 - Loaded plugin clock (category:base,tabindex:2)
2025-05-13 17:15:21,705 [INFO] PluginManage:310 - Check plugin ddr
2025-05-13 17:15:21,707 [INFO] PluginManage:359 - Loaded plugin ddr (category:tool,tabindex:6)
2025-05-13 17:15:21,707 [INFO] PluginManage:310 - Check plugin filemanager
2025-05-13 17:15:21,883 [INFO] PluginManage:359 - Loaded plugin filemanager (category:base,tabindex:10)
2025-05-13 17:15:21,884 [INFO] PluginManage:310 - Check plugin ipmanager
2025-05-13 17:15:21,893 [INFO] PluginManage:359 - Loaded plugin ipmanager (category:base,tabindex:5)
2025-05-13 17:15:21,893 [INFO] PluginManage:310 - Check plugin lpbam
2025-05-13 17:15:21,902 [INFO] PluginManage:359 - Loaded plugin lpbam (category:base,tabindex:0)
2025-05-13 17:15:21,902 [INFO] PluginManage:310 - Check plugin memorymap
2025-05-13 17:15:21,911 [INFO] PluginManage:359 - Loaded plugin memorymap (category:base,tabindex:4)
2025-05-13 17:15:21,911 [INFO] PluginManage:310 - Check plugin pinoutandconfiguration
2025-05-13 17:15:21,918 [INFO] PluginManage:359 - Loaded plugin pinoutandconfiguration (category:base,tabindex:1)
2025-05-13 17:15:21,918 [INFO] PluginManage:310 - Check plugin pinoutconfig
2025-05-13 17:15:22,009 [WARN] SupportedApi:132 - Cannot load RTOS API schema: s4s-elt-must-match.1: The content of 'definitions' must match (annotation?, (simpleType | complexType)?, (unique | key | keyref)*)). A problem was found starting at: attribute.
2025-05-13 17:15:22,162 [INFO] PluginManage:359 - Loaded plugin pinoutconfig (category:base,tabindex:0)
2025-05-13 17:15:22,162 [INFO] PluginManage:310 - Check plugin power
2025-05-13 17:15:22,171 [INFO] PluginManage:359 - Loaded plugin power (category:power,tabindex:4)
2025-05-13 17:15:22,171 [INFO] PluginManage:310 - Check plugin projectmanager
2025-05-13 17:15:22,202 [INFO] PluginManage:359 - Loaded plugin projectmanager (category:projectmanager,tabindex:4)
2025-05-13 17:15:22,203 [INFO] PluginManage:310 - Check plugin rif
2025-05-13 17:15:22,209 [INFO] PluginManage:359 - Loaded plugin rif (category:base,tabindex:3)
2025-05-13 17:15:22,209 [INFO] PluginManage:310 - Check plugin thirdparty
2025-05-13 17:15:22,385 [WARN] IntegrityCheckThread:84 - waiting for thirdparty lock release [integrity check]
2025-05-13 17:15:22,385 [INFO] PluginManage:359 - Loaded plugin thirdparty (category:base,tabindex:-1)
2025-05-13 17:15:22,386 [INFO] IntegrityCheckThread:86 - entering critical section [integrity check]
2025-05-13 17:15:22,386 [INFO] PluginManage:310 - Check plugin tools
2025-05-13 17:15:22,387 [INFO] ThirdPartyUpdaterWithRetryManager:70 - Updater plugin not ready yet. [1/15]
2025-05-13 17:15:22,388 [INFO] PluginManage:359 - Loaded plugin tools (category:base,tabindex:7)
2025-05-13 17:15:22,388 [INFO] PluginManage:310 - Check plugin tutovideos
2025-05-13 17:15:22,563 [INFO] PluginManage:359 - Loaded plugin tutovideos (category:base,tabindex:-1)
2025-05-13 17:15:22,564 [INFO] PluginManage:310 - Check plugin updater
2025-05-13 17:15:22,592 [INFO] PluginManage:359 - Loaded plugin updater (category:base,tabindex:12)
2025-05-13 17:15:22,592 [INFO] PluginManage:310 - Check plugin userauth
2025-05-13 17:15:22,598 [INFO] UserAuth:118 - Init User Auth plugin
2025-05-13 17:15:22,600 [INFO] PluginManage:359 - Loaded plugin userauth (category:base,tabindex:14)
2025-05-13 17:15:22,601 [INFO] PluginManage:283 - PluginManage : Loaded plugins [18]
2025-05-13 17:15:22,888 [INFO] PinOutPanel:1589 - setPackage(No Configuration,No Configuration)
2025-05-13 17:15:22,956 [INFO] CADModel:165 - CPN selected for project level
2025-05-13 17:15:22,957 [INFO] CADModel:114 - Register for checkConnection events
2025-05-13 17:15:22,969 [INFO] IPUIPlugin:80 - create IPUIPlugin
2025-05-13 17:15:22,970 [INFO] PluginManager:220 - loadIPPluginJar : add mdma
2025-05-13 17:15:22,975 [INFO] IPUIPlugin:80 - create IPUIPlugin
2025-05-13 17:15:22,976 [INFO] PluginManager:220 - loadIPPluginJar : add freertos
2025-05-13 17:15:22,980 [INFO] IPUIPlugin:80 - create IPUIPlugin
2025-05-13 17:15:22,980 [INFO] PluginManager:220 - loadIPPluginJar : add gic
2025-05-13 17:15:22,989 [INFO] IPUIPlugin:80 - create IPUIPlugin
2025-05-13 17:15:22,989 [INFO] PluginManager:220 - loadIPPluginJar : add adc
2025-05-13 17:15:22,992 [INFO] IPUIPlugin:80 - create IPUIPlugin
2025-05-13 17:15:22,992 [INFO] PluginManager:220 - loadIPPluginJar : add gtzc
2025-05-13 17:15:22,993 [INFO] IPUIPlugin:80 - create IPUIPlugin
2025-05-13 17:15:22,993 [INFO] PluginManager:220 - loadIPPluginJar : add quadspi
2025-05-13 17:15:22,994 [INFO] IPUIPlugin:80 - create IPUIPlugin
2025-05-13 17:15:22,994 [INFO] PluginManager:220 - loadIPPluginJar : add aes
2025-05-13 17:15:22,996 [INFO] IPUIPlugin:80 - create IPUIPlugin
2025-05-13 17:15:22,997 [INFO] PluginManager:220 - loadIPPluginJar : add pdm2pcm
2025-05-13 17:15:22,998 [INFO] IPUIPlugin:80 - create IPUIPlugin
2025-05-13 17:15:22,998 [INFO] PluginManager:220 - loadIPPluginJar : add hash
2025-05-13 17:15:22,999 [INFO] IPUIPlugin:80 - create IPUIPlugin
2025-05-13 17:15:22,999 [INFO] PluginManager:220 - loadIPPluginJar : add tim
2025-05-13 17:15:23,000 [INFO] IPUIPlugin:80 - create IPUIPlugin
2025-05-13 17:15:23,000 [INFO] PluginManager:220 - loadIPPluginJar : add tsc
2025-05-13 17:15:23,003 [INFO] IPUIPlugin:80 - create IPUIPlugin
2025-05-13 17:15:23,003 [INFO] PluginManager:220 - loadIPPluginJar : add extmemmanager
2025-05-13 17:15:23,004 [INFO] IPUIPlugin:80 - create IPUIPlugin
2025-05-13 17:15:23,004 [INFO] PluginManager:220 - loadIPPluginJar : add ts
2025-05-13 17:15:23,055 [INFO] IPUIPlugin:80 - create IPUIPlugin
2025-05-13 17:15:23,219 [INFO] PluginManager:220 - loadIPPluginJar : add radio
2025-05-13 17:15:23,274 [INFO] IPUIPlugin:80 - create IPUIPlugin
2025-05-13 17:15:23,275 [INFO] PluginManager:220 - loadIPPluginJar : add can
2025-05-13 17:15:23,285 [INFO] IPUIPlugin:80 - create IPUIPlugin
2025-05-13 17:15:23,285 [INFO] PluginManager:220 - loadIPPluginJar : add dma3
2025-05-13 17:15:23,287 [INFO] IPUIPlugin:80 - create IPUIPlugin
2025-05-13 17:15:23,287 [INFO] PluginManager:220 - loadIPPluginJar : add dfsdm
2025-05-13 17:15:23,288 [INFO] IPUIPlugin:80 - create IPUIPlugin
2025-05-13 17:15:23,288 [INFO] PluginManager:220 - loadIPPluginJar : add spi
2025-05-13 17:15:23,291 [INFO] IPUIPlugin:80 - create IPUIPlugin
2025-05-13 17:15:23,291 [INFO] PluginManager:220 - loadIPPluginJar : add gfxmmu
2025-05-13 17:15:23,292 [INFO] IPUIPlugin:80 - create IPUIPlugin
2025-05-13 17:15:23,292 [INFO] PluginManager:220 - loadIPPluginJar : add genericplugin
2025-05-13 17:15:23,294 [INFO] IPUIPlugin:80 - create IPUIPlugin
2025-05-13 17:15:23,295 [INFO] PluginManager:220 - loadIPPluginJar : add cryp
2025-05-13 17:15:23,298 [INFO] IPUIPlugin:80 - create IPUIPlugin
2025-05-13 17:15:23,298 [INFO] PluginManager:220 - loadIPPluginJar : add gpio
2025-05-13 17:15:23,305 [INFO] IPUIPlugin:80 - create IPUIPlugin
2025-05-13 17:15:23,305 [INFO] PluginManager:220 - loadIPPluginJar : add ddr_ctrl_phy
2025-05-13 17:15:23,308 [INFO] IPUIPlugin:80 - create IPUIPlugin
2025-05-13 17:15:23,308 [INFO] PluginManager:220 - loadIPPluginJar : add comp
2025-05-13 17:15:23,311 [INFO] IPUIPlugin:80 - create IPUIPlugin
2025-05-13 17:15:23,312 [INFO] PluginManager:220 - loadIPPluginJar : add tracer_emb
2025-05-13 17:15:23,313 [INFO] IPUIPlugin:80 - create IPUIPlugin
2025-05-13 17:15:23,314 [INFO] PluginManager:220 - loadIPPluginJar : add openamp
2025-05-13 17:15:23,317 [INFO] IPUIPlugin:80 - create IPUIPlugin
2025-05-13 17:15:23,317 [INFO] PluginManager:220 - loadIPPluginJar : add stm32_wpan
2025-05-13 17:15:23,322 [INFO] IPUIPlugin:80 - create IPUIPlugin
2025-05-13 17:15:23,356 [INFO] PluginManager:220 - loadIPPluginJar : add plateformsettings
2025-05-13 17:15:23,359 [INFO] IPUIPlugin:80 - create IPUIPlugin
2025-05-13 17:15:23,359 [INFO] PluginManager:220 - loadIPPluginJar : add ipddr
2025-05-13 17:15:23,361 [INFO] IPUIPlugin:80 - create IPUIPlugin
2025-05-13 17:15:23,361 [INFO] PluginManager:220 - loadIPPluginJar : add usart
2025-05-13 17:15:23,362 [INFO] IPUIPlugin:80 - create IPUIPlugin
2025-05-13 17:15:23,362 [INFO] PluginManager:220 - loadIPPluginJar : add ltdc
2025-05-13 17:15:23,364 [INFO] IPUIPlugin:80 - create IPUIPlugin
2025-05-13 17:15:23,364 [INFO] PluginManager:220 - loadIPPluginJar : add nvic
2025-05-13 17:15:23,365 [INFO] IPUIPlugin:80 - create IPUIPlugin
2025-05-13 17:15:23,365 [INFO] PluginManager:220 - loadIPPluginJar : add fatfs
2025-05-13 17:15:23,371 [INFO] IPUIPlugin:80 - create IPUIPlugin
2025-05-13 17:15:23,371 [INFO] PluginManager:220 - loadIPPluginJar : add linkedlist
2025-05-13 17:15:23,374 [INFO] IPUIPlugin:80 - create IPUIPlugin
2025-05-13 17:15:23,374 [INFO] PluginManager:220 - loadIPPluginJar : add dma
2025-05-13 17:15:23,377 [INFO] IPUIPlugin:80 - create IPUIPlugin
2025-05-13 17:15:23,377 [INFO] PluginManager:220 - loadIPPluginJar : add fmc
2025-05-13 17:15:23,378 [INFO] IPUIPlugin:80 - create IPUIPlugin
2025-05-13 17:15:23,378 [INFO] PluginManager:220 - loadIPPluginJar : add i2s
2025-05-13 17:15:23,380 [INFO] IPUIPlugin:80 - create IPUIPlugin
2025-05-13 17:15:23,380 [INFO] PluginManager:220 - loadIPPluginJar : add ucpd
2025-05-13 17:15:23,382 [INFO] IPUIPlugin:80 - create IPUIPlugin
2025-05-13 17:15:23,382 [INFO] PluginManager:220 - loadIPPluginJar : add lorawan
2025-05-13 17:15:23,384 [INFO] IPUIPlugin:80 - create IPUIPlugin
2025-05-13 17:15:23,384 [INFO] PluginManager:220 - loadIPPluginJar : add opamp
2025-05-13 17:15:23,385 [INFO] IPUIPlugin:80 - create IPUIPlugin
2025-05-13 17:15:23,385 [INFO] PluginManager:220 - loadIPPluginJar : add i3c
2025-05-13 17:15:23,387 [INFO] IPUIPlugin:80 - create IPUIPlugin
2025-05-13 17:15:23,397 [INFO] PluginManager:220 - loadIPPluginJar : add touchsensing
2025-05-13 17:15:23,400 [INFO] IPUIPlugin:80 - create IPUIPlugin
2025-05-13 17:15:23,400 [INFO] PluginManager:220 - loadIPPluginJar : add i2c
2025-05-13 17:15:23,403 [INFO] IPUIPlugin:80 - create IPUIPlugin
2025-05-13 17:15:23,403 [INFO] PluginManager:220 - loadIPPluginJar : add resmgrutility
2025-05-13 17:15:23,404 [INFO] IPUIPlugin:80 - create IPUIPlugin
2025-05-13 17:15:23,404 [INFO] PluginManager:220 - loadIPPluginJar : add sai
2025-05-13 17:15:23,406 [INFO] IPUIPlugin:80 - create IPUIPlugin
2025-05-13 17:15:23,406 [INFO] PluginManager:220 - loadIPPluginJar : add usbx
2025-05-13 17:15:23,605 [FATAL] Updater:351 - Updater called before beeing initialized
2025-05-13 17:15:23,714 [INFO] RulesReader:64 - Compatibility file has been processed (297 Rules)
2025-05-13 17:15:23,735 [INFO] RulesReader:64 - Compatibility file has been processed (297 Rules)
2025-05-13 17:15:23,752 [INFO] CADModel:165 - CPN selected for project level
2025-05-13 17:15:23,752 [INFO] CADModel:114 - Register for checkConnection events
2025-05-13 17:15:23,752 [FATAL] Updater:351 - Updater called before beeing initialized
2025-05-13 17:15:23,752 [ERROR] CADModel:125 - Updater not yet initialized, retry later 
2025-05-13 17:15:24,010 [FATAL] Updater:351 - Updater called before beeing initialized
2025-05-13 17:15:24,012 [INFO] CADModel:165 - CPN selected for project level
2025-05-13 17:15:24,013 [INFO] CADModel:114 - Register for checkConnection events
2025-05-13 17:15:24,013 [FATAL] Updater:351 - Updater called before beeing initialized
2025-05-13 17:15:24,013 [ERROR] CADModel:125 - Updater not yet initialized, retry later 
2025-05-13 17:15:24,016 [FATAL] Updater:351 - Updater called before beeing initialized
2025-05-13 17:15:24,169 [FATAL] Updater:351 - Updater called before beeing initialized
2025-05-13 17:15:24,176 [INFO] DbMcusAds:53 - JSON generation date=Thu Mar 06 06:54:22 PST 2025 (1741272862078)
2025-05-13 17:15:24,177 [FATAL] Updater:351 - Updater called before beeing initialized
2025-05-13 17:15:24,250 [WARN] DetailPanel:346 - Failed to get advertising image, set to default
2025-05-13 17:15:24,515 [FATAL] Updater:351 - Updater called before beeing initialized
2025-05-13 17:15:24,517 [FATAL] Updater:351 - Updater called before beeing initialized
2025-05-13 17:15:24,518 [FATAL] Updater:351 - Updater called before beeing initialized
2025-05-13 17:15:24,518 [WARN] DetailPanel:346 - Failed to get advertising image, set to default
2025-05-13 17:15:24,518 [FATAL] Updater:351 - Updater called before beeing initialized
2025-05-13 17:15:24,595 [ERROR] Updater:1198 - MainUpdater not yet initialized. External WinMGr cannot be set.
2025-05-13 17:15:24,607 [INFO] Updater:1134 - Updater Version found : 6.13.0
2025-05-13 17:15:24,622 [INFO] ApplicationProperties:184 - Using Application install path: /Applications/STM32CubeIDE.app/Contents/Eclipse/plugins/com.st.stm32cube.common.mx_6.13.0.202411220809
2025-05-13 17:15:25,000 [INFO] MainUpdater:2872 - connection check result : 10
2025-05-13 17:15:25,000 [INFO] MainUpdater:3566 - Updater definition file requires update
2025-05-13 17:15:25,002 [INFO] MainUpdater:289 - Updater Check For Update Now.
2025-05-13 17:15:25,002 [INFO] MicroXplorer:498 - Change Database Version : DB.6.0.130
2025-05-13 17:15:25,012 [INFO] McuFinderGlobals:63 - Set McuFinder mode to 2 (CubeIDE integrated)
2025-05-13 17:15:25,014 [INFO] UserAuth:486 - Internet connection configuration mode: 1
2025-05-13 17:15:25,027 [INFO] JxBrowserEngine:152 - Initiate JxBrowser Engine with user profile folder
2025-05-13 17:15:25,272 [INFO] ServerAccessManage:473 - Download File updaters.zip
2025-05-13 17:15:25,392 [WARN] MainUpdater:1193 - Updater busy. Cannot search thirdparties
2025-05-13 17:15:25,393 [INFO] ThirdPartyUpdaterWithRetryManager:96 - Updater plugin is busy. [1/15]
2025-05-13 17:15:25,407 [INFO] FileExtend:240 - Unzip File : updaters.zip
2025-05-13 17:15:25,407 [INFO] FileExtend:255 - Standard Zip Deflate
2025-05-13 17:15:25,812 [INFO] ServerAccessManage:473 - Download File PacksControlFlags.xml
2025-05-13 17:15:25,903 [INFO] ServerAccessManage:473 - Download File cubemx.pidx
2025-05-13 17:15:26,061 [INFO] LoadServerUpdatesThread:375 - End of LoadServerUpdate Thread
2025-05-13 17:15:26,248 [INFO] CheckServerUpdateThread:120 - End of CheckServer Thread
2025-05-13 17:15:28,584 [WARN] PackLoader:240 - Cannot read IP mode file for STMicroelectronics.FP-SNS-MOTENVWB1.1.4.0
2025-05-13 17:15:28,607 [WARN] PackLoader:240 - Cannot read IP mode file for STMicroelectronics.FP-ATR-ASTRA1.2.0.2
2025-05-13 17:15:28,620 [WARN] PackLoader:240 - Cannot read IP mode file for STMicroelectronics.FP-ATR-ASTRA1.2.0.1
2025-05-13 17:15:28,634 [WARN] PackLoader:240 - Cannot read IP mode file for STMicroelectronics.X-CUBE-SMBUS.2.1.0
2025-05-13 17:15:28,646 [WARN] PackLoader:240 - Cannot read IP mode file for STMicroelectronics.X-CUBE-WB05N.1.1.0
2025-05-13 17:15:28,696 [WARN] PackLoader:240 - Cannot read IP mode file for STMicroelectronics.X-CUBE-AZRTOS-F7.1.1.0
2025-05-13 17:15:28,728 [WARN] PackLoader:240 - Cannot read IP mode file for STMicroelectronics.FP-SNS-FLIGHT1.5.0.2
2025-05-13 17:15:28,791 [WARN] PackLoader:240 - Cannot read IP mode file for Infineon.AIROC-Wi-Fi-Bluetooth-STM32.1.7.0
2025-05-13 17:15:28,826 [WARN] PackLoader:240 - Cannot read IP mode file for STMicroelectronics.X-CUBE-DISPLAY.3.0.0
2025-05-13 17:15:28,857 [WARN] PackLoader:240 - Cannot read IP mode file for STMicroelectronics.X-CUBE-BLE1.7.0.0
2025-05-13 17:15:28,877 [WARN] PackLoader:240 - Cannot read IP mode file for STMicroelectronics.X-CUBE-NFC10.1.0.0
2025-05-13 17:15:28,907 [WARN] PackLoader:240 - Cannot read IP mode file for STMicroelectronics.X-CUBE-BLEMGR.4.0.0
2025-05-13 17:15:28,923 [WARN] PackLoader:240 - Cannot read IP mode file for emotas.I-CUBE-CANOPEN.1.3.0
2025-05-13 17:15:28,934 [WARN] PackLoader:240 - Cannot read IP mode file for STMicroelectronics.X-CUBE-AI.10.0.0
2025-05-13 17:15:28,942 [WARN] PackLoader:240 - Cannot read IP mode file for STMicroelectronics.FP-SNS-SMARTAG2.1.2.0
2025-05-13 17:15:28,955 [WARN] PackLoader:240 - Cannot read IP mode file for STMicroelectronics.FP-SNS-FLIGHT1.5.1.0
2025-05-13 17:15:29,061 [WARN] PackLoader:240 - Cannot read IP mode file for STMicroelectronics.X-CUBE-MEMS1.11.1.0
2025-05-13 17:15:29,208 [INFO] LogOutputStream:77 - [STDOUT_REDIRECT] 1 : Invalid condition id : UX_CORESTACK_Condition cause : null
2025-05-13 17:15:29,209 [INFO] LogOutputStream:77 - [STDOUT_REDIRECT] 1 : Invalid condition id : UX_CORESTACK_Condition cause : null
2025-05-13 17:15:29,210 [INFO] LogOutputStream:77 - [STDOUT_REDIRECT] 1 : Invalid condition id : UX_CORESTACK_Condition cause : null
2025-05-13 17:15:29,211 [INFO] LogOutputStream:77 - [STDOUT_REDIRECT] 1 : Invalid condition id : UX_CORESTACK_Condition cause : null
2025-05-13 17:15:29,212 [INFO] LogOutputStream:77 - [STDOUT_REDIRECT] 1 : Invalid condition id : UX_CORESTACK_Condition cause : null
2025-05-13 17:15:29,218 [WARN] PackLoader:240 - Cannot read IP mode file for STMicroelectronics.X-CUBE-AZRTOS-WL.2.0.0
2025-05-13 17:15:29,228 [WARN] PackLoader:240 - Cannot read IP mode file for STMicroelectronics.FP-SNS-MOTENV1.5.0.0
2025-05-13 17:15:29,233 [WARN] PackLoader:240 - Cannot read IP mode file for wolfSSL.I-CUBE-wolfMQTT.1.19.0
2025-05-13 17:15:29,240 [WARN] PackLoader:240 - Cannot read IP mode file for WES.I-CUBE-Cesium.1.3.0
2025-05-13 17:15:29,252 [WARN] PackLoader:240 - Cannot read IP mode file for STMicroelectronics.X-CUBE-BLE2.3.3.0
2025-05-13 17:15:29,262 [WARN] PackLoader:240 - Cannot read IP mode file for STMicroelectronics.X-CUBE-NFC9.1.0.0
2025-05-13 17:15:29,273 [WARN] PackLoader:240 - Cannot read IP mode file for STMicroelectronics.X-CUBE-BLE1.7.1.0
2025-05-13 17:15:29,350 [WARN] PackLoader:240 - Cannot read IP mode file for STMicroelectronics.X-CUBE-MEMS1.11.2.0
2025-05-13 17:15:29,466 [WARN] PackLoader:240 - Cannot read IP mode file for STMicroelectronics.X-CUBE-AZRTOS-G0.1.1.0
2025-05-13 17:15:29,477 [WARN] PackLoader:240 - Cannot read IP mode file for STMicroelectronics.X-CUBE-SAFEA1.1.2.2
2025-05-13 17:15:29,484 [WARN] PackLoader:240 - Cannot read IP mode file for STMicroelectronics.X-CUBE-NFC4.3.0.0
2025-05-13 17:15:29,498 [WARN] PackLoader:240 - Cannot read IP mode file for EmbeddedOffice.I-CUBE-FS-RTOS.1.0.1
2025-05-13 17:15:29,512 [WARN] PackLoader:240 - Cannot read IP mode file for STMicroelectronics.X-CUBE-WB05N.2.0.0
2025-05-13 17:15:29,526 [WARN] PackLoader:240 - Cannot read IP mode file for STMicroelectronics.X-CUBE-TCPP.4.2.0
2025-05-13 17:15:29,533 [WARN] PackLoader:240 - Cannot read IP mode file for RealThread.X-CUBE-RT-Thread_Nano.4.1.1
2025-05-13 17:15:29,541 [WARN] PackLoader:240 - Cannot read IP mode file for STMicroelectronics.FP-ATR-SIGFOX1.3.2.0
2025-05-13 17:15:29,547 [WARN] ConditionMgr:438 - getConditionDescription Invalid condition id : Cortex-A Device cause : null
2025-05-13 17:15:29,575 [WARN] ConditionMgr:1044 - genDependencies : Invalid condition id : Cortex-A Device cause : null
2025-05-13 17:15:29,576 [WARN] ConditionMgr:1044 - genDependencies : Invalid condition id : Cortex-A Device cause : null
2025-05-13 17:15:29,576 [WARN] ConditionMgr:1044 - genDependencies : Invalid condition id : Cortex-A Device cause : null
2025-05-13 17:15:29,584 [WARN] PackLoader:240 - Cannot read IP mode file for STMicroelectronics.X-CUBE-EEPRMA1.5.1.0
2025-05-13 17:15:29,590 [WARN] PackLoader:240 - Cannot read IP mode file for wolfSSL.I-CUBE-wolfSSL.5.7.4
2025-05-13 17:15:29,596 [WARN] PackLoader:240 - Cannot read IP mode file for ITTIA_DB.I-CUBE-ITTIADB.8.9.0
2025-05-13 17:15:29,646 [WARN] PackLoader:240 - Cannot read IP mode file for SEGGER.I-CUBE-embOS.1.3.1
2025-05-13 17:15:29,692 [WARN] PackLoader:240 - Cannot read IP mode file for STMicroelectronics.X-CUBE-ALGOBUILD.1.4.0
2025-05-13 17:15:29,704 [WARN] PackLoader:240 - Cannot read IP mode file for STMicroelectronics.X-CUBE-AI.9.1.0
2025-05-13 17:15:29,730 [WARN] PackLoader:240 - Cannot read IP mode file for STMicroelectronics.X-CUBE-AZRTOS-F4.1.1.0
2025-05-13 17:15:29,739 [WARN] PackLoader:240 - Cannot read IP mode file for Avnet-IotConnect.X-CUBE-IoTC-DA16k-PMOD.1.0.0
2025-05-13 17:15:29,745 [WARN] PackLoader:240 - Cannot read IP mode file for STMicroelectronics.X-CUBE-ISPU.2.1.0
2025-05-13 17:15:29,780 [WARN] PackLoader:240 - Cannot read IP mode file for STMicroelectronics.X-CUBE-AZRTOS-L5.2.0.0
2025-05-13 17:15:29,802 [WARN] PackLoader:240 - Cannot read IP mode file for STMicroelectronics.X-CUBE-NFC6.3.1.0
2025-05-13 17:15:29,823 [WARN] PackLoader:240 - Cannot read IP mode file for STMicroelectronics.X-CUBE-DPower.1.2.0
2025-05-13 17:15:29,833 [WARN] PackLoader:240 - Cannot read IP mode file for STMicroelectronics.X-CUBE-FREERTOS.1.3.1
2025-05-13 17:15:29,838 [WARN] PackLoader:240 - Cannot read IP mode file for STMicroelectronics.X-CUBE-FREERTOS.1.3.0
2025-05-13 17:15:29,844 [WARN] PackLoader:240 - Cannot read IP mode file for STMicroelectronics.X-CUBE-NFC7.1.0.1
2025-05-13 17:15:29,851 [WARN] PackLoader:240 - Cannot read IP mode file for STMicroelectronics.X-CUBE-DPower.1.3.0
2025-05-13 17:15:29,888 [WARN] ConditionMgr:438 - getConditionDescription Invalid condition id : LAN8742 Phy interface Condition cause : null
2025-05-13 17:15:29,891 [WARN] PackLoader:240 - Cannot read IP mode file for STMicroelectronics.X-CUBE-AZRTOS-L4.2.0.0
2025-05-13 17:15:29,898 [WARN] ConditionMgr:1044 - genDependencies : Invalid condition id : LAN8742 Phy interface Condition cause : null
2025-05-13 17:15:29,899 [WARN] ConditionMgr:1044 - genDependencies : Invalid condition id : LAN8742 Phy interface Condition cause : null
2025-05-13 17:15:29,900 [WARN] ConditionMgr:1044 - genDependencies : Invalid condition id : LAN8742 Phy interface Condition cause : null
2025-05-13 17:15:29,908 [WARN] PackLoader:240 - Cannot read IP mode file for STMicroelectronics.X-CUBE-SFXS2LP1.4.0.0
2025-05-13 17:15:29,941 [WARN] PackLoader:240 - Cannot read IP mode file for STMicroelectronics.X-CUBE-AZRTOS-H7.3.3.0
2025-05-13 17:15:29,972 [WARN] ConditionMgr:438 - getConditionDescription Invalid condition id : UX DEVICE CLASS RTOS Condition cause : null
2025-05-13 17:15:29,973 [WARN] ConditionMgr:438 - getConditionDescription Invalid condition id : UX DEVICE CLASS RTOS Condition cause : null
2025-05-13 17:15:29,977 [WARN] PackLoader:240 - Cannot read IP mode file for STMicroelectronics.X-CUBE-AZRTOS-WB.2.0.0
2025-05-13 17:15:29,978 [WARN] ConditionMgr:1044 - genDependencies : Invalid condition id : UX DEVICE CLASS RTOS Condition cause : null
2025-05-13 17:15:29,979 [WARN] ConditionMgr:1044 - genDependencies : Invalid condition id : UX DEVICE CLASS RTOS Condition cause : null
2025-05-13 17:15:29,979 [WARN] ConditionMgr:1044 - genDependencies : Invalid condition id : UX DEVICE CLASS RTOS Condition cause : null
2025-05-13 17:15:29,980 [WARN] ConditionMgr:1044 - genDependencies : Invalid condition id : UX DEVICE CLASS RTOS Condition cause : null
2025-05-13 17:15:29,980 [WARN] ConditionMgr:1044 - genDependencies : Invalid condition id : UX DEVICE CLASS RTOS Condition cause : null
2025-05-13 17:15:29,985 [WARN] PackLoader:240 - Cannot read IP mode file for STMicroelectronics.X-CUBE-GNSS1.7.0.1
2025-05-13 17:15:29,992 [WARN] PackLoader:240 - Cannot read IP mode file for STMicroelectronics.X-CUBE-TOUCHGFX.4.25.0
2025-05-13 17:15:29,996 [WARN] PackLoader:240 - Cannot read IP mode file for STMicroelectronics.FP-SNS-STBOX1.2.0.0
2025-05-13 17:15:30,014 [WARN] PackLoader:240 - Cannot read IP mode file for STMicroelectronics.X-CUBE-SUBG2.5.0.0
2025-05-13 17:15:30,050 [WARN] PackLoader:240 - Cannot read IP mode file for STMicroelectronics.X-CUBE-AZRTOS-H7RS.1.1.0
2025-05-13 17:15:30,094 [WARN] PackLoader:240 - Cannot read IP mode file for Cesanta.I-CUBE-Mongoose.7.13.0
2025-05-13 17:15:30,119 [WARN] PackLoader:240 - Cannot read IP mode file for STMicroelectronics.X-CUBE-AZRTOS-G4.2.0.0
2025-05-13 17:15:30,129 [WARN] PackLoader:240 - Cannot read IP mode file for STMicroelectronics.X-CUBE-NFC7.2.0.0
2025-05-13 17:15:30,143 [WARN] PackLoader:240 - Cannot read IP mode file for STMicroelectronics.X-CUBE-IPS.3.1.0
2025-05-13 17:15:30,151 [WARN] PackLoader:240 - Cannot read IP mode file for STMicroelectronics.X-CUBE-ALS.1.0.2
2025-05-13 17:15:30,155 [WARN] PackLoader:240 - Cannot read IP mode file for STMicroelectronics.X-CUBE-TOUCHGFX.4.24.2
2025-05-13 17:15:30,170 [WARN] PackLoader:240 - Cannot read IP mode file for wolfSSL.I-CUBE-wolfTPM.3.4.0
2025-05-13 17:15:30,190 [WARN] PackLoader:240 - Cannot read IP mode file for portGmbH.I-Cube-SoM-uGOAL.1.1.0
2025-05-13 17:15:30,190 [INFO] WebApp:168 - Instantiating new browser for Auth
2025-05-13 17:15:30,484 [WARN] PackLoader:240 - Cannot read IP mode file for STMicroelectronics.X-CUBE-AZRTOS-H7RS.1.0.0
2025-05-13 17:15:30,503 [WARN] PackLoader:240 - Cannot read IP mode file for STMicroelectronics.X-CUBE-TOF1.3.4.2
2025-05-13 17:15:30,521 [WARN] PackLoader:240 - Cannot read IP mode file for STMicroelectronics.X-CUBE-TOF1.3.4.3
2025-05-13 17:15:30,536 [WARN] PackLoader:240 - Cannot read IP mode file for wolfSSL.I-CUBE-wolfSSH.1.4.17
2025-05-13 17:15:30,536 [INFO] ThirdParty:978 - Integrity check success = true
2025-05-13 17:15:30,536 [INFO] IntegrityCheckThread:100 - exiting critical section [integrity check]
2025-05-13 17:15:30,536 [INFO] IntegrityCheckThread:103 - End integrity checks thread
2025-05-13 17:15:31,901 [INFO] WebApp:449 - Apply proxy settings
2025-05-13 17:15:31,906 [INFO] WebApp:494 - Chromium authenticates against Manually configured proxy
2025-05-13 17:15:31,927 [INFO] WebApp:502 - Username used for proxy authentication: 
2025-05-13 17:15:31,991 [INFO] WebApp:880 - Register for checkConnection events
2025-05-13 17:15:31,991 [INFO] WebApp:449 - Apply proxy settings
2025-05-13 17:15:31,994 [INFO] WebApp:494 - Chromium authenticates against Manually configured proxy
2025-05-13 17:15:31,994 [INFO] WebApp:502 - Username used for proxy authentication: 
2025-05-13 17:15:32,166 [INFO] WebApp:221 - Starting web application
2025-05-13 17:15:32,167 [INFO] WebApp:579 - Web application path used /Applications/STM32CubeIDE.app/Contents/Eclipse/plugins/com.st.stm32cube.common.mx_6.13.0.202411220809/db/plugins/mcufinder/reactClient1/index.html
2025-05-13 17:15:32,706 [INFO] WebApp:187 - Connection restablished
2025-05-13 17:15:32,935 [INFO] UserAuth:486 - Internet connection configuration mode: 1
2025-05-13 17:34:13,462 [INFO] WebApp:190 - Connection lost
2025-05-13 17:35:33,513 [INFO] WebApp:187 - Connection restablished
2025-05-13 18:00:28,398 [INFO] WebApp:190 - Connection lost
2025-05-13 18:11:10,370 [INFO] WebApp:187 - Connection restablished
2025-05-13 18:13:45,386 [INFO] WebApp:190 - Connection lost
2025-05-13 18:13:47,489 [INFO] WebApp:187 - Connection restablished
2025-05-13 18:14:28,201 [INFO] WebApp:190 - Connection lost
2025-05-13 18:14:32,743 [INFO] WebApp:187 - Connection restablished
2025-05-13 18:15:55,016 [INFO] WebApp:190 - Connection lost
2025-05-13 18:15:58,027 [INFO] WebApp:187 - Connection restablished
2025-05-13 18:16:21,998 [INFO] WebApp:190 - Connection lost
2025-05-13 18:16:52,364 [INFO] WebApp:187 - Connection restablished
2025-05-13 18:19:06,508 [INFO] WebApp:190 - Connection lost
2025-05-13 18:19:15,093 [INFO] WebApp:187 - Connection restablished
2025-05-13 18:21:03,845 [INFO] WebApp:190 - Connection lost
2025-05-13 18:21:12,027 [INFO] WebApp:187 - Connection restablished
2025-05-13 18:21:56,203 [INFO] WebApp:190 - Connection lost
2025-05-13 18:22:25,952 [INFO] WebApp:187 - Connection restablished
2025-05-13 18:22:47,688 [INFO] WebApp:190 - Connection lost
2025-05-13 18:25:31,284 [INFO] WebApp:187 - Connection restablished
2025-05-13 18:25:36,062 [INFO] WebApp:190 - Connection lost
2025-05-13 19:17:03,092 [INFO] WebApp:187 - Connection restablished
2025-05-13 19:17:18,747 [INFO] WebApp:190 - Connection lost
2025-05-13 19:18:29,307 [INFO] WebApp:187 - Connection restablished
2025-05-13 19:18:44,882 [INFO] WebApp:190 - Connection lost
2025-05-13 19:18:52,152 [INFO] WebApp:187 - Connection restablished
2025-05-13 19:20:40,020 [INFO] WebApp:190 - Connection lost
2025-05-13 19:21:26,220 [INFO] WebApp:187 - Connection restablished
2025-05-13 19:21:33,231 [INFO] WebApp:190 - Connection lost
2025-05-13 19:23:02,210 [INFO] WebApp:187 - Connection restablished
2025-05-13 19:23:12,722 [INFO] WebApp:190 - Connection lost
2025-05-13 19:24:10,427 [INFO] WebApp:187 - Connection restablished
2025-05-13 19:24:38,059 [INFO] WebApp:190 - Connection lost
2025-05-13 19:24:45,375 [INFO] WebApp:187 - Connection restablished
2025-05-13 19:25:32,161 [INFO] WebApp:190 - Connection lost
2025-05-13 19:25:41,863 [INFO] WebApp:187 - Connection restablished
2025-05-13 19:25:56,580 [INFO] WebApp:190 - Connection lost
2025-05-13 19:27:41,773 [INFO] WebApp:187 - Connection restablished
2025-05-13 19:27:43,081 [INFO] WebApp:190 - Connection lost
2025-05-13 19:28:06,545 [INFO] WebApp:187 - Connection restablished
2025-05-13 19:28:45,235 [INFO] WebApp:190 - Connection lost
2025-05-13 19:28:54,126 [INFO] WebApp:187 - Connection restablished
2025-05-13 19:29:28,285 [INFO] WebApp:190 - Connection lost
2025-05-13 19:29:30,784 [INFO] WebApp:187 - Connection restablished
2025-05-13 19:29:56,799 [INFO] WebApp:190 - Connection lost
2025-05-13 19:30:00,608 [INFO] WebApp:187 - Connection restablished
2025-05-13 19:38:28,222 [ERROR] LogOutputStream:75 - [STDERR_REDIRECT] 
